<?xml version="1.0" encoding="UTF-8"?>
<!-- Generated by org.testng.reporters.JUnitXMLReporter -->
<testsuite hostname="WINCTRL-S7E21V6" name="Test1" tests="2" failures="1" timestamp="15 Jun 2017 02:17:46 GMT" time="0.039" errors="0">
  <testcase name="login" time="0.014" classname="TestNGDemos.TestNGDemo2">
    <failure type="java.lang.ArithmeticException" message="/ by zero">
      <![CDATA[java.lang.ArithmeticException: / by zero
	at TestNGDemos.TestNGDemo2.login(TestNGDemo2.java:18)
... Removed 24 stack frames]]>
    </failure>
  </testcase> <!-- login -->
  <testcase name="customerDetails" time="0.0" classname="TestNGDemos.TestNGDemo2">
    <skipped/>
  </testcase> <!-- customerDetails -->
</testsuite> <!-- Test1 -->
