<?xml version="1.0" encoding="UTF-8"?>
<!-- Generated by org.testng.reporters.JUnitXMLReporter -->
<testsuite hostname="WINCTRL-S7E21V6" name="Test" tests="6" failures="0" timestamp="16 Jun 2017 02:31:43 GMT" time="0.055" errors="0">
  <testcase name="funA" time="0.002" classname="TestNGDemos.AnnotationsDemo"/>
  <testcase name="funB" time="0.016" classname="TestNGDemos.AnnotationsDemo"/>
  <testcase name="funA" time="0.0" classname="TestNGDemos.AnnotationsBeforeDemo"/>
  <testcase name="funB" time="0.0" classname="TestNGDemos.AnnotationsBeforeDemo"/>
  <testcase name="funA" time="0.015" classname="TestNGDemos.AnnotationsAfter"/>
  <testcase name="funB" time="0.0" classname="TestNGDemos.AnnotationsAfter"/>
</testsuite> <!-- Test -->
