<?xml version="1.0" encoding="UTF-8"?>
<!-- Generated by org.testng.reporters.JUnitXMLReporter -->
<testsuite hostname="WINCTRL-S7E21V6" name="Test2" tests="4" failures="0" timestamp="15 Jun 2017 02:17:46 GMT" time="0.016" errors="0">
  <testcase name="funA" time="0.001" classname="TestNGDemos.TestNGDemo3"/>
  <testcase name="funC" time="0.002" classname="TestNGDemos.TestNGDemo3"/>
  <testcase name="funD" time="0.002" classname="TestNGDemos.TestNGDemo3"/>
  <testcase name="funB" time="0.001" classname="TestNGDemos.TestNGDemo3"/>
</testsuite> <!-- Test2 -->
