<?xml version="1.0" encoding="UTF-8"?>
<testng-results skipped="0" failed="0" total="1" passed="1">
  <reporter-output>
  </reporter-output>
  <suite name="TestSuite" duration-ms="9944" started-at="2018-01-31T15:12:47Z" finished-at="2018-01-31T15:12:57Z">
    <groups>
    </groups>
    <test name="testGuru" duration-ms="9944" started-at="2018-01-31T15:12:47Z" finished-at="2018-01-31T15:12:57Z">
      <class name="TestNGDemos.TestGuru99MultipleSession">
        <test-method status="PASS" signature="executSessionOne()[pri:0, instance:TestNGDemos.TestGuru99MultipleSession@50c87b21]" name="executSessionOne" duration-ms="9925" started-at="2018-01-31T20:42:47Z" finished-at="2018-01-31T20:42:57Z">
          <reporter-output>
          </reporter-output>
        </test-method> <!-- executSessionOne -->
      </class> <!-- TestNGDemos.TestGuru99MultipleSession -->
    </test> <!-- testGuru -->
  </suite> <!-- TestSuite -->
</testng-results>
